Arguments: 
  /usr/local/bin/node /usr/local/bin/yarn init

PATH: 
  /Users/jean-rogerorsini/.rvm/gems/ruby-2.0.0-p451/bin:/Users/jean-rogerorsini/.rvm/gems/ruby-2.0.0-p451@global/bin:/Users/jean-rogerorsini/.rvm/rubies/ruby-2.0.0-p451/bin:/usr/local/bin:/usr/bin:/bin:/usr/sbin:/sbin:/opt/ImageMagick/bin:/usr/local/git/bin:/Users/jean-rogerorsini/.rvm/bin

Yarn version: 
  1.5.1

Node version: 
  9.4.0

Platform: 
  darwin x64

npm manifest: 
  No manifest

yarn manifest: 
  No manifest

Lockfile: 
  No lockfile

Trace: 
  Error: canceled
      at Interface.<anonymous> (/usr/local/lib/node_modules/yarn/lib/cli.js:128791:13)
      at Interface.emit (events.js:160:13)
      at Interface._ttyWrite (readline.js:784:16)
      at ReadStream.onkeypress (readline.js:165:10)
      at ReadStream.emit (events.js:160:13)
      at emitKeys (internal/readline.js:420:14)
      at emitKeys.next (<anonymous>)
      at ReadStream.onData (readline.js:1020:36)
      at ReadStream.emit (events.js:160:13)
      at addChunk (_stream_readable.js:269:12)
